<?xml version="1.0" encoding="UTF-8"?>
<testng-results ignored="0" total="1" passed="1" failed="0" skipped="0">
  <reporter-output>
  </reporter-output>
  <suite started-at="2024-03-24T13:03:37 EET" name="Web test suite" finished-at="2024-03-24T13:03:44 EET" duration-ms="6438">
    <groups>
    </groups>
    <test started-at="2024-03-24T13:03:37 EET" name="smoke" finished-at="2024-03-24T13:03:44 EET" duration-ms="6438">
      <class name="ExampleTests">
        <test-method is-config="true" signature="beforeTest()[pri:0, instance:ExampleTests@43195e57]" started-at="2024-03-24T13:03:37 EET" name="beforeTest" finished-at="2024-03-24T13:03:40 EET" duration-ms="2648" status="PASS">
          <reporter-output>
          </reporter-output>
        </test-method> <!-- beforeTest -->
        <test-method signature="loginTest(java.lang.String,java.lang.String,java.lang.String)[pri:0, instance:ExampleTests@43195e57]" started-at="2024-03-24T13:03:40 EET" name="loginTest" data-provider="getUser" finished-at="2024-03-24T13:03:44 EET" duration-ms="3520" status="PASS">
          <params>
            <param index="0">
              <value>
                <![CDATA[p0li0m]]>
              </value>
            </param>
            <param index="1">
              <value>
                <![CDATA[TGdd7EDby83jdAC]]>
              </value>
            </param>
            <param index="2">
              <value>
                <![CDATA[5508]]>
              </value>
            </param>
          </params>
          <reporter-output>
          </reporter-output>
        </test-method> <!-- loginTest -->
        <test-method is-config="true" signature="afterTest()[pri:0, instance:ExampleTests@43195e57]" started-at="2024-03-24T13:03:44 EET" name="afterTest" finished-at="2024-03-24T13:03:44 EET" duration-ms="210" status="PASS">
          <reporter-output>
          </reporter-output>
        </test-method> <!-- afterTest -->
      </class> <!-- ExampleTests -->
    </test> <!-- smoke -->
  </suite> <!-- Web test suite -->
</testng-results>
